!SESSION 2011-03-15 09:44:34.682 -----------------------------------------------
eclipse.buildId=unknown
java.version=1.6.0_20
java.vendor=Sun Microsystems Inc.
BootLoader constants: OS=linux, ARCH=x86_64, WS=gtk, NL=en_US
Framework arguments:  -product bilab.bilab
Command-line arguments:  -product bilab.bilab -data /home/ru7/workspaces/BiLab/bilab_working/../runtime-bilab.bilab -dev file:/home/ru7/workspaces/BiLab/bilab_working/.metadata/.plugins/org.eclipse.pde.core/bilab.bilab/dev.properties -os linux -ws gtk -arch x86_64 -consoleLog

!ENTRY org.eclipse.equinox.app 0 0 2011-03-15 09:44:35.739
!MESSAGE Product bilab.bilab could not be found.

!ENTRY org.eclipse.osgi 2 0 2011-03-15 09:44:35.763
!MESSAGE One or more bundles are not resolved because the following root constraints are not resolved:
!SUBENTRY 1 org.eclipse.osgi 2 0 2011-03-15 09:44:35.763
!MESSAGE Bundle initial@reference:file:../../workspaces/BiLab/bilab_working/BiLab/ was not resolved.
!SUBENTRY 2 bilab 2 0 2011-03-15 09:44:35.763
!MESSAGE Missing required bundle org.eclipse.gef_0.0.0.
!SUBENTRY 2 bilab 2 0 2011-03-15 09:44:35.763
!MESSAGE Missing required bundle org.eclipse.draw2d_0.0.0.

!ENTRY org.eclipse.osgi 2 0 2011-03-15 09:44:35.764
!MESSAGE The following is a complete list of bundles which are not resolved, see the prior log entry for the root cause if it exists:
!SUBENTRY 1 org.eclipse.osgi 2 0 2011-03-15 09:44:35.764
!MESSAGE Bundle bilab_1.0.0.qualifier [119] was not resolved.
!SUBENTRY 2 bilab 2 0 2011-03-15 09:44:35.764
!MESSAGE Missing required bundle org.eclipse.gef_0.0.0.
!SUBENTRY 2 bilab 2 0 2011-03-15 09:44:35.765
!MESSAGE Missing required bundle org.eclipse.draw2d_0.0.0.

!ENTRY org.eclipse.osgi 2 0 2011-03-15 09:44:35.776
!MESSAGE One or more bundles are not resolved because the following root constraints are not resolved:
!SUBENTRY 1 org.eclipse.osgi 2 0 2011-03-15 09:44:35.777
!MESSAGE Bundle initial@reference:file:../../workspaces/BiLab/bilab_working/BiLab/ was not resolved.
!SUBENTRY 2 bilab 2 0 2011-03-15 09:44:35.777
!MESSAGE Missing required bundle org.eclipse.gef_0.0.0.
!SUBENTRY 2 bilab 2 0 2011-03-15 09:44:35.777
!MESSAGE Missing required bundle org.eclipse.draw2d_0.0.0.

!ENTRY org.eclipse.osgi 2 0 2011-03-15 09:44:35.778
!MESSAGE The following is a complete list of bundles which are not resolved, see the prior log entry for the root cause if it exists:
!SUBENTRY 1 org.eclipse.osgi 2 0 2011-03-15 09:44:35.778
!MESSAGE Bundle bilab_1.0.0.qualifier [119] was not resolved.
!SUBENTRY 2 bilab 2 0 2011-03-15 09:44:35.778
!MESSAGE Missing required bundle org.eclipse.gef_0.0.0.
!SUBENTRY 2 bilab 2 0 2011-03-15 09:44:35.778
!MESSAGE Missing required bundle org.eclipse.draw2d_0.0.0.

!ENTRY org.eclipse.osgi 4 0 2011-03-15 09:44:35.779
!MESSAGE Application error
!STACK 1
java.lang.RuntimeException: No application id has been found.
	at org.eclipse.equinox.internal.app.EclipseAppContainer.startDefaultApp(EclipseAppContainer.java:242)
	at org.eclipse.equinox.internal.app.MainApplicationLauncher.run(MainApplicationLauncher.java:29)
	at org.eclipse.core.runtime.internal.adaptor.EclipseAppLauncher.runApplication(EclipseAppLauncher.java:110)
	at org.eclipse.core.runtime.internal.adaptor.EclipseAppLauncher.start(EclipseAppLauncher.java:79)
	at org.eclipse.core.runtime.adaptor.EclipseStarter.run(EclipseStarter.java:369)
	at org.eclipse.core.runtime.adaptor.EclipseStarter.run(EclipseStarter.java:179)
	at sun.reflect.NativeMethodAccessorImpl.invoke0(Native Method)
	at sun.reflect.NativeMethodAccessorImpl.invoke(NativeMethodAccessorImpl.java:57)
	at sun.reflect.DelegatingMethodAccessorImpl.invoke(DelegatingMethodAccessorImpl.java:43)
	at java.lang.reflect.Method.invoke(Method.java:616)
	at org.eclipse.equinox.launcher.Main.invokeFramework(Main.java:620)
	at org.eclipse.equinox.launcher.Main.basicRun(Main.java:575)
	at org.eclipse.equinox.launcher.Main.run(Main.java:1408)
	at org.eclipse.equinox.launcher.Main.main(Main.java:1384)
